Exporter version: 5.6.2, Blender version: 2.79 (sub 0)
========= Conversion from Blender to Babylon.js =========
	Scene settings used:
		selected layers only:  false
		inline textures:  false
		Positions Precision :  4
		Normals Precision   :  3
		UVs Precision       :  3
		Vert Color Precision:  3
		Mat Weight Precision:  2
		texture directory:  /Users/ttracey/projects/abasi-configurator/public/scenes/
	Python World class constructor completed
	WARNING: No active camera has been assigned, or is not in a currently selected Blender layer
	processing begun of mesh:  strings
		processing begun of baked material:  strings
			Cycles baking texture, type: DIFFUSE, mapped using: UVMap
		num positions      :  79257
		num normals        :  79257
		num uvs            :  158514
		num uvs2           :  0
		num colors         :  317028
		num indices        :  327801
		WARNING: # of 0 area faces found:  5404
========= Writing of scene file started =========
========= Writing of scene file completed =========
========= end of processing =========
elapsed time:  2 min, 13.3417 secs
